                                      1 ;--------------------------------------------------------
                                      2 ; File Created by SDCC : free open source ANSI-C Compiler
                                      3 ; Version 4.1.6 #12439 (MINGW32)
                                      4 ;--------------------------------------------------------
                                      5 	.module main
                                      6 	.optsdcc -mgbz80
                                      7 	
                                      8 ;--------------------------------------------------------
                                      9 ; Public variables in this module
                                     10 ;--------------------------------------------------------
                                     11 	.globl _main
                                     12 	.globl _font_set
                                     13 	.globl _font_load
                                     14 	.globl _font_init
                                     15 	.globl _set_win_tiles
                                     16 	.globl _set_bkg_tiles
                                     17 	.globl _set_bkg_data
                                     18 	.globl _delay
                                     19 	.globl _windowmap
                                     20 	.globl _backgroundTiles
                                     21 	.globl _backgroundmap
                                     22 ;--------------------------------------------------------
                                     23 ; special function registers
                                     24 ;--------------------------------------------------------
                                     25 ;--------------------------------------------------------
                                     26 ; ram data
                                     27 ;--------------------------------------------------------
                                     28 	.area _DATA
                                     29 ;--------------------------------------------------------
                                     30 ; ram data
                                     31 ;--------------------------------------------------------
                                     32 	.area _INITIALIZED
      000000                         33 _backgroundmap::
      000000                         34 	.ds 720
      0002D0                         35 _backgroundTiles::
      0002D0                         36 	.ds 128
      000350                         37 _windowmap::
      000350                         38 	.ds 5
                                     39 ;--------------------------------------------------------
                                     40 ; absolute external ram data
                                     41 ;--------------------------------------------------------
                                     42 	.area _DABS (ABS)
                                     43 ;--------------------------------------------------------
                                     44 ; global & static initialisations
                                     45 ;--------------------------------------------------------
                                     46 	.area _HOME
                                     47 	.area _GSINIT
                                     48 	.area _GSFINAL
                                     49 	.area _GSINIT
                                     50 ;--------------------------------------------------------
                                     51 ; Home
                                     52 ;--------------------------------------------------------
                                     53 	.area _HOME
                                     54 	.area _HOME
                                     55 ;--------------------------------------------------------
                                     56 ; code
                                     57 ;--------------------------------------------------------
                                     58 	.area _CODE
                                     59 ;main.c:8: void main(){
                                     60 ;	---------------------------------
                                     61 ; Function main
                                     62 ; ---------------------------------
      000000                         63 _main::
                                     64 ;main.c:12: font_init();
      000000 CDr00r00                65 	call	_font_init
                                     66 ;main.c:13: min_font = font_load(font_min); //36 tiles
      000003 11r00r00                67 	ld	de, #_font_min
      000006 D5                      68 	push	de
      000007 CDr00r00                69 	call	_font_load
      00000A E1                      70 	pop	hl
                                     71 ;main.c:15: font_set(min_font);
      00000B D5                      72 	push	de
      00000C CDr00r00                73 	call	_font_set
      00000F E1                      74 	pop	hl
                                     75 ;main.c:18: set_bkg_data(37,7,backgroundTiles);
      000010 11rD0r02                76 	ld	de, #_backgroundTiles
      000013 D5                      77 	push	de
      000014 21 25 07                78 	ld	hl, #0x725
      000017 E5                      79 	push	hl
      000018 CDr00r00                80 	call	_set_bkg_data
      00001B E8 04                   81 	add	sp, #4
                                     82 ;main.c:19: set_bkg_tiles(0,0,40,18,backgroundmap);
      00001D 11r00r00                83 	ld	de, #_backgroundmap
      000020 D5                      84 	push	de
      000021 21 28 12                85 	ld	hl, #0x1228
      000024 E5                      86 	push	hl
      000025 AF                      87 	xor	a, a
      000026 0F                      88 	rrca
      000027 F5                      89 	push	af
      000028 CDr00r00                90 	call	_set_bkg_tiles
      00002B E8 06                   91 	add	sp, #6
                                     92 ;main.c:21: set_win_tiles(0,0,5,1,windowmap);
      00002D 11r50r03                93 	ld	de, #_windowmap
      000030 D5                      94 	push	de
      000031 21 05 01                95 	ld	hl, #0x105
      000034 E5                      96 	push	hl
      000035 AF                      97 	xor	a, a
      000036 0F                      98 	rrca
      000037 F5                      99 	push	af
      000038 CDr00r00               100 	call	_set_win_tiles
      00003B E8 06                  101 	add	sp, #6
                                    102 ;c:/gbdk/include/gb/gb.h:1044: WX_REG=x, WY_REG=y;
      00003D 3E 07                  103 	ld	a, #0x07
      00003F E0r00                  104 	ldh	(_WX_REG + 0), a
      000041 3E 78                  105 	ld	a, #0x78
      000043 E0r00                  106 	ldh	(_WY_REG + 0), a
                                    107 ;main.c:24: SHOW_BKG;
      000045 F0r00                  108 	ldh	a, (_LCDC_REG + 0)
      000047 F6 01                  109 	or	a, #0x01
      000049 E0r00                  110 	ldh	(_LCDC_REG + 0), a
                                    111 ;main.c:25: SHOW_WIN;
      00004B F0r00                  112 	ldh	a, (_LCDC_REG + 0)
      00004D F6 20                  113 	or	a, #0x20
      00004F E0r00                  114 	ldh	(_LCDC_REG + 0), a
                                    115 ;main.c:26: DISPLAY_ON;
      000051 F0r00                  116 	ldh	a, (_LCDC_REG + 0)
      000053 F6 80                  117 	or	a, #0x80
      000055 E0r00                  118 	ldh	(_LCDC_REG + 0), a
                                    119 ;main.c:28: while(1){
      000057                        120 00102$:
                                    121 ;c:/gbdk/include/gb/gb.h:860: SCX_REG+=x, SCY_REG+=y;
      000057 F0r00                  122 	ldh	a, (_SCX_REG + 0)
      000059 3C                     123 	inc	a
      00005A E0r00                  124 	ldh	(_SCX_REG + 0), a
                                    125 ;main.c:31: delay(100);
      00005C 11 64 00               126 	ld	de, #0x0064
      00005F D5                     127 	push	de
      000060 CDr00r00               128 	call	_delay
      000063 E1                     129 	pop	hl
                                    130 ;main.c:36: }
      000064 18 F1                  131 	jr	00102$
                                    132 	.area _CODE
                                    133 	.area _INITIALIZER
      000000                        134 __xinit__backgroundmap:
      000000 00                     135 	.db #0x00	; 0
      000001 00                     136 	.db #0x00	; 0
      000002 00                     137 	.db #0x00	; 0
      000003 00                     138 	.db #0x00	; 0
      000004 00                     139 	.db #0x00	; 0
      000005 00                     140 	.db #0x00	; 0
      000006 00                     141 	.db #0x00	; 0
      000007 00                     142 	.db #0x00	; 0
      000008 00                     143 	.db #0x00	; 0
      000009 00                     144 	.db #0x00	; 0
      00000A 00                     145 	.db #0x00	; 0
      00000B 00                     146 	.db #0x00	; 0
      00000C 00                     147 	.db #0x00	; 0
      00000D 00                     148 	.db #0x00	; 0
      00000E 00                     149 	.db #0x00	; 0
      00000F 00                     150 	.db #0x00	; 0
      000010 00                     151 	.db #0x00	; 0
      000011 00                     152 	.db #0x00	; 0
      000012 00                     153 	.db #0x00	; 0
      000013 00                     154 	.db #0x00	; 0
      000014 00                     155 	.db #0x00	; 0
      000015 00                     156 	.db #0x00	; 0
      000016 00                     157 	.db #0x00	; 0
      000017 00                     158 	.db #0x00	; 0
      000018 00                     159 	.db #0x00	; 0
      000019 00                     160 	.db #0x00	; 0
      00001A 00                     161 	.db #0x00	; 0
      00001B 00                     162 	.db #0x00	; 0
      00001C 00                     163 	.db #0x00	; 0
      00001D 00                     164 	.db #0x00	; 0
      00001E 00                     165 	.db #0x00	; 0
      00001F 00                     166 	.db #0x00	; 0
      000020 00                     167 	.db #0x00	; 0
      000021 00                     168 	.db #0x00	; 0
      000022 00                     169 	.db #0x00	; 0
      000023 00                     170 	.db #0x00	; 0
      000024 00                     171 	.db #0x00	; 0
      000025 00                     172 	.db #0x00	; 0
      000026 00                     173 	.db #0x00	; 0
      000027 00                     174 	.db #0x00	; 0
      000028 00                     175 	.db #0x00	; 0
      000029 00                     176 	.db #0x00	; 0
      00002A 00                     177 	.db #0x00	; 0
      00002B 00                     178 	.db #0x00	; 0
      00002C 00                     179 	.db #0x00	; 0
      00002D 00                     180 	.db #0x00	; 0
      00002E 00                     181 	.db #0x00	; 0
      00002F 00                     182 	.db #0x00	; 0
      000030 00                     183 	.db #0x00	; 0
      000031 00                     184 	.db #0x00	; 0
      000032 00                     185 	.db #0x00	; 0
      000033 00                     186 	.db #0x00	; 0
      000034 00                     187 	.db #0x00	; 0
      000035 00                     188 	.db #0x00	; 0
      000036 00                     189 	.db #0x00	; 0
      000037 00                     190 	.db #0x00	; 0
      000038 00                     191 	.db #0x00	; 0
      000039 00                     192 	.db #0x00	; 0
      00003A 00                     193 	.db #0x00	; 0
      00003B 00                     194 	.db #0x00	; 0
      00003C 00                     195 	.db #0x00	; 0
      00003D 00                     196 	.db #0x00	; 0
      00003E 00                     197 	.db #0x00	; 0
      00003F 00                     198 	.db #0x00	; 0
      000040 00                     199 	.db #0x00	; 0
      000041 00                     200 	.db #0x00	; 0
      000042 00                     201 	.db #0x00	; 0
      000043 00                     202 	.db #0x00	; 0
      000044 00                     203 	.db #0x00	; 0
      000045 00                     204 	.db #0x00	; 0
      000046 00                     205 	.db #0x00	; 0
      000047 00                     206 	.db #0x00	; 0
      000048 00                     207 	.db #0x00	; 0
      000049 00                     208 	.db #0x00	; 0
      00004A 00                     209 	.db #0x00	; 0
      00004B 00                     210 	.db #0x00	; 0
      00004C 00                     211 	.db #0x00	; 0
      00004D 00                     212 	.db #0x00	; 0
      00004E 00                     213 	.db #0x00	; 0
      00004F 00                     214 	.db #0x00	; 0
      000050 00                     215 	.db #0x00	; 0
      000051 00                     216 	.db #0x00	; 0
      000052 00                     217 	.db #0x00	; 0
      000053 00                     218 	.db #0x00	; 0
      000054 00                     219 	.db #0x00	; 0
      000055 00                     220 	.db #0x00	; 0
      000056 00                     221 	.db #0x00	; 0
      000057 00                     222 	.db #0x00	; 0
      000058 00                     223 	.db #0x00	; 0
      000059 00                     224 	.db #0x00	; 0
      00005A 00                     225 	.db #0x00	; 0
      00005B 00                     226 	.db #0x00	; 0
      00005C 00                     227 	.db #0x00	; 0
      00005D 00                     228 	.db #0x00	; 0
      00005E 00                     229 	.db #0x00	; 0
      00005F 00                     230 	.db #0x00	; 0
      000060 00                     231 	.db #0x00	; 0
      000061 00                     232 	.db #0x00	; 0
      000062 00                     233 	.db #0x00	; 0
      000063 00                     234 	.db #0x00	; 0
      000064 00                     235 	.db #0x00	; 0
      000065 00                     236 	.db #0x00	; 0
      000066 00                     237 	.db #0x00	; 0
      000067 00                     238 	.db #0x00	; 0
      000068 00                     239 	.db #0x00	; 0
      000069 00                     240 	.db #0x00	; 0
      00006A 00                     241 	.db #0x00	; 0
      00006B 00                     242 	.db #0x00	; 0
      00006C 00                     243 	.db #0x00	; 0
      00006D 00                     244 	.db #0x00	; 0
      00006E 00                     245 	.db #0x00	; 0
      00006F 00                     246 	.db #0x00	; 0
      000070 00                     247 	.db #0x00	; 0
      000071 00                     248 	.db #0x00	; 0
      000072 00                     249 	.db #0x00	; 0
      000073 00                     250 	.db #0x00	; 0
      000074 00                     251 	.db #0x00	; 0
      000075 00                     252 	.db #0x00	; 0
      000076 00                     253 	.db #0x00	; 0
      000077 00                     254 	.db #0x00	; 0
      000078 00                     255 	.db #0x00	; 0
      000079 00                     256 	.db #0x00	; 0
      00007A 00                     257 	.db #0x00	; 0
      00007B 00                     258 	.db #0x00	; 0
      00007C 00                     259 	.db #0x00	; 0
      00007D 00                     260 	.db #0x00	; 0
      00007E 00                     261 	.db #0x00	; 0
      00007F 00                     262 	.db #0x00	; 0
      000080 00                     263 	.db #0x00	; 0
      000081 00                     264 	.db #0x00	; 0
      000082 00                     265 	.db #0x00	; 0
      000083 00                     266 	.db #0x00	; 0
      000084 00                     267 	.db #0x00	; 0
      000085 00                     268 	.db #0x00	; 0
      000086 00                     269 	.db #0x00	; 0
      000087 00                     270 	.db #0x00	; 0
      000088 00                     271 	.db #0x00	; 0
      000089 00                     272 	.db #0x00	; 0
      00008A 00                     273 	.db #0x00	; 0
      00008B 00                     274 	.db #0x00	; 0
      00008C 00                     275 	.db #0x00	; 0
      00008D 00                     276 	.db #0x00	; 0
      00008E 00                     277 	.db #0x00	; 0
      00008F 00                     278 	.db #0x00	; 0
      000090 00                     279 	.db #0x00	; 0
      000091 00                     280 	.db #0x00	; 0
      000092 00                     281 	.db #0x00	; 0
      000093 00                     282 	.db #0x00	; 0
      000094 00                     283 	.db #0x00	; 0
      000095 00                     284 	.db #0x00	; 0
      000096 00                     285 	.db #0x00	; 0
      000097 00                     286 	.db #0x00	; 0
      000098 00                     287 	.db #0x00	; 0
      000099 00                     288 	.db #0x00	; 0
      00009A 00                     289 	.db #0x00	; 0
      00009B 00                     290 	.db #0x00	; 0
      00009C 00                     291 	.db #0x00	; 0
      00009D 00                     292 	.db #0x00	; 0
      00009E 00                     293 	.db #0x00	; 0
      00009F 00                     294 	.db #0x00	; 0
      0000A0 00                     295 	.db #0x00	; 0
      0000A1 00                     296 	.db #0x00	; 0
      0000A2 00                     297 	.db #0x00	; 0
      0000A3 00                     298 	.db #0x00	; 0
      0000A4 00                     299 	.db #0x00	; 0
      0000A5 00                     300 	.db #0x00	; 0
      0000A6 00                     301 	.db #0x00	; 0
      0000A7 00                     302 	.db #0x00	; 0
      0000A8 00                     303 	.db #0x00	; 0
      0000A9 00                     304 	.db #0x00	; 0
      0000AA 00                     305 	.db #0x00	; 0
      0000AB 00                     306 	.db #0x00	; 0
      0000AC 00                     307 	.db #0x00	; 0
      0000AD 00                     308 	.db #0x00	; 0
      0000AE 00                     309 	.db #0x00	; 0
      0000AF 00                     310 	.db #0x00	; 0
      0000B0 00                     311 	.db #0x00	; 0
      0000B1 00                     312 	.db #0x00	; 0
      0000B2 00                     313 	.db #0x00	; 0
      0000B3 00                     314 	.db #0x00	; 0
      0000B4 00                     315 	.db #0x00	; 0
      0000B5 00                     316 	.db #0x00	; 0
      0000B6 00                     317 	.db #0x00	; 0
      0000B7 00                     318 	.db #0x00	; 0
      0000B8 00                     319 	.db #0x00	; 0
      0000B9 00                     320 	.db #0x00	; 0
      0000BA 00                     321 	.db #0x00	; 0
      0000BB 00                     322 	.db #0x00	; 0
      0000BC 00                     323 	.db #0x00	; 0
      0000BD 00                     324 	.db #0x00	; 0
      0000BE 00                     325 	.db #0x00	; 0
      0000BF 00                     326 	.db #0x00	; 0
      0000C0 00                     327 	.db #0x00	; 0
      0000C1 00                     328 	.db #0x00	; 0
      0000C2 00                     329 	.db #0x00	; 0
      0000C3 00                     330 	.db #0x00	; 0
      0000C4 00                     331 	.db #0x00	; 0
      0000C5 00                     332 	.db #0x00	; 0
      0000C6 00                     333 	.db #0x00	; 0
      0000C7 00                     334 	.db #0x00	; 0
      0000C8 00                     335 	.db #0x00	; 0
      0000C9 00                     336 	.db #0x00	; 0
      0000CA 00                     337 	.db #0x00	; 0
      0000CB 00                     338 	.db #0x00	; 0
      0000CC 00                     339 	.db #0x00	; 0
      0000CD 00                     340 	.db #0x00	; 0
      0000CE 00                     341 	.db #0x00	; 0
      0000CF 00                     342 	.db #0x00	; 0
      0000D0 00                     343 	.db #0x00	; 0
      0000D1 00                     344 	.db #0x00	; 0
      0000D2 00                     345 	.db #0x00	; 0
      0000D3 00                     346 	.db #0x00	; 0
      0000D4 00                     347 	.db #0x00	; 0
      0000D5 00                     348 	.db #0x00	; 0
      0000D6 00                     349 	.db #0x00	; 0
      0000D7 00                     350 	.db #0x00	; 0
      0000D8 00                     351 	.db #0x00	; 0
      0000D9 00                     352 	.db #0x00	; 0
      0000DA 00                     353 	.db #0x00	; 0
      0000DB 00                     354 	.db #0x00	; 0
      0000DC 00                     355 	.db #0x00	; 0
      0000DD 00                     356 	.db #0x00	; 0
      0000DE 00                     357 	.db #0x00	; 0
      0000DF 00                     358 	.db #0x00	; 0
      0000E0 00                     359 	.db #0x00	; 0
      0000E1 00                     360 	.db #0x00	; 0
      0000E2 00                     361 	.db #0x00	; 0
      0000E3 00                     362 	.db #0x00	; 0
      0000E4 00                     363 	.db #0x00	; 0
      0000E5 00                     364 	.db #0x00	; 0
      0000E6 00                     365 	.db #0x00	; 0
      0000E7 00                     366 	.db #0x00	; 0
      0000E8 00                     367 	.db #0x00	; 0
      0000E9 00                     368 	.db #0x00	; 0
      0000EA 00                     369 	.db #0x00	; 0
      0000EB 00                     370 	.db #0x00	; 0
      0000EC 00                     371 	.db #0x00	; 0
      0000ED 00                     372 	.db #0x00	; 0
      0000EE 00                     373 	.db #0x00	; 0
      0000EF 00                     374 	.db #0x00	; 0
      0000F0 00                     375 	.db #0x00	; 0
      0000F1 00                     376 	.db #0x00	; 0
      0000F2 00                     377 	.db #0x00	; 0
      0000F3 00                     378 	.db #0x00	; 0
      0000F4 00                     379 	.db #0x00	; 0
      0000F5 00                     380 	.db #0x00	; 0
      0000F6 00                     381 	.db #0x00	; 0
      0000F7 00                     382 	.db #0x00	; 0
      0000F8 00                     383 	.db #0x00	; 0
      0000F9 00                     384 	.db #0x00	; 0
      0000FA 00                     385 	.db #0x00	; 0
      0000FB 00                     386 	.db #0x00	; 0
      0000FC 00                     387 	.db #0x00	; 0
      0000FD 00                     388 	.db #0x00	; 0
      0000FE 00                     389 	.db #0x00	; 0
      0000FF 00                     390 	.db #0x00	; 0
      000100 00                     391 	.db #0x00	; 0
      000101 00                     392 	.db #0x00	; 0
      000102 00                     393 	.db #0x00	; 0
      000103 00                     394 	.db #0x00	; 0
      000104 00                     395 	.db #0x00	; 0
      000105 00                     396 	.db #0x00	; 0
      000106 00                     397 	.db #0x00	; 0
      000107 00                     398 	.db #0x00	; 0
      000108 00                     399 	.db #0x00	; 0
      000109 00                     400 	.db #0x00	; 0
      00010A 00                     401 	.db #0x00	; 0
      00010B 00                     402 	.db #0x00	; 0
      00010C 00                     403 	.db #0x00	; 0
      00010D 00                     404 	.db #0x00	; 0
      00010E 00                     405 	.db #0x00	; 0
      00010F 00                     406 	.db #0x00	; 0
      000110 00                     407 	.db #0x00	; 0
      000111 00                     408 	.db #0x00	; 0
      000112 00                     409 	.db #0x00	; 0
      000113 00                     410 	.db #0x00	; 0
      000114 00                     411 	.db #0x00	; 0
      000115 00                     412 	.db #0x00	; 0
      000116 00                     413 	.db #0x00	; 0
      000117 00                     414 	.db #0x00	; 0
      000118 00                     415 	.db #0x00	; 0
      000119 00                     416 	.db #0x00	; 0
      00011A 00                     417 	.db #0x00	; 0
      00011B 00                     418 	.db #0x00	; 0
      00011C 00                     419 	.db #0x00	; 0
      00011D 00                     420 	.db #0x00	; 0
      00011E 00                     421 	.db #0x00	; 0
      00011F 00                     422 	.db #0x00	; 0
      000120 00                     423 	.db #0x00	; 0
      000121 28                     424 	.db #0x28	; 40
      000122 26                     425 	.db #0x26	; 38
      000123 26                     426 	.db #0x26	; 38
      000124 26                     427 	.db #0x26	; 38
      000125 26                     428 	.db #0x26	; 38
      000126 26                     429 	.db #0x26	; 38
      000127 26                     430 	.db #0x26	; 38
      000128 26                     431 	.db #0x26	; 38
      000129 26                     432 	.db #0x26	; 38
      00012A 26                     433 	.db #0x26	; 38
      00012B 26                     434 	.db #0x26	; 38
      00012C 26                     435 	.db #0x26	; 38
      00012D 27                     436 	.db #0x27	; 39
      00012E 00                     437 	.db #0x00	; 0
      00012F 00                     438 	.db #0x00	; 0
      000130 00                     439 	.db #0x00	; 0
      000131 00                     440 	.db #0x00	; 0
      000132 00                     441 	.db #0x00	; 0
      000133 00                     442 	.db #0x00	; 0
      000134 00                     443 	.db #0x00	; 0
      000135 00                     444 	.db #0x00	; 0
      000136 00                     445 	.db #0x00	; 0
      000137 00                     446 	.db #0x00	; 0
      000138 00                     447 	.db #0x00	; 0
      000139 00                     448 	.db #0x00	; 0
      00013A 00                     449 	.db #0x00	; 0
      00013B 00                     450 	.db #0x00	; 0
      00013C 00                     451 	.db #0x00	; 0
      00013D 00                     452 	.db #0x00	; 0
      00013E 00                     453 	.db #0x00	; 0
      00013F 00                     454 	.db #0x00	; 0
      000140 00                     455 	.db #0x00	; 0
      000141 00                     456 	.db #0x00	; 0
      000142 00                     457 	.db #0x00	; 0
      000143 00                     458 	.db #0x00	; 0
      000144 00                     459 	.db #0x00	; 0
      000145 00                     460 	.db #0x00	; 0
      000146 00                     461 	.db #0x00	; 0
      000147 00                     462 	.db #0x00	; 0
      000148 00                     463 	.db #0x00	; 0
      000149 28                     464 	.db #0x28	; 40
      00014A 26                     465 	.db #0x26	; 38
      00014B 26                     466 	.db #0x26	; 38
      00014C 26                     467 	.db #0x26	; 38
      00014D 26                     468 	.db #0x26	; 38
      00014E 26                     469 	.db #0x26	; 38
      00014F 26                     470 	.db #0x26	; 38
      000150 26                     471 	.db #0x26	; 38
      000151 26                     472 	.db #0x26	; 38
      000152 26                     473 	.db #0x26	; 38
      000153 26                     474 	.db #0x26	; 38
      000154 26                     475 	.db #0x26	; 38
      000155 27                     476 	.db #0x27	; 39
      000156 00                     477 	.db #0x00	; 0
      000157 00                     478 	.db #0x00	; 0
      000158 00                     479 	.db #0x00	; 0
      000159 00                     480 	.db #0x00	; 0
      00015A 00                     481 	.db #0x00	; 0
      00015B 00                     482 	.db #0x00	; 0
      00015C 00                     483 	.db #0x00	; 0
      00015D 00                     484 	.db #0x00	; 0
      00015E 00                     485 	.db #0x00	; 0
      00015F 00                     486 	.db #0x00	; 0
      000160 00                     487 	.db #0x00	; 0
      000161 00                     488 	.db #0x00	; 0
      000162 00                     489 	.db #0x00	; 0
      000163 00                     490 	.db #0x00	; 0
      000164 00                     491 	.db #0x00	; 0
      000165 00                     492 	.db #0x00	; 0
      000166 00                     493 	.db #0x00	; 0
      000167 00                     494 	.db #0x00	; 0
      000168 00                     495 	.db #0x00	; 0
      000169 00                     496 	.db #0x00	; 0
      00016A 00                     497 	.db #0x00	; 0
      00016B 00                     498 	.db #0x00	; 0
      00016C 00                     499 	.db #0x00	; 0
      00016D 00                     500 	.db #0x00	; 0
      00016E 00                     501 	.db #0x00	; 0
      00016F 00                     502 	.db #0x00	; 0
      000170 00                     503 	.db #0x00	; 0
      000171 28                     504 	.db #0x28	; 40
      000172 26                     505 	.db #0x26	; 38
      000173 26                     506 	.db #0x26	; 38
      000174 26                     507 	.db #0x26	; 38
      000175 26                     508 	.db #0x26	; 38
      000176 26                     509 	.db #0x26	; 38
      000177 26                     510 	.db #0x26	; 38
      000178 26                     511 	.db #0x26	; 38
      000179 26                     512 	.db #0x26	; 38
      00017A 26                     513 	.db #0x26	; 38
      00017B 26                     514 	.db #0x26	; 38
      00017C 26                     515 	.db #0x26	; 38
      00017D 27                     516 	.db #0x27	; 39
      00017E 00                     517 	.db #0x00	; 0
      00017F 00                     518 	.db #0x00	; 0
      000180 00                     519 	.db #0x00	; 0
      000181 00                     520 	.db #0x00	; 0
      000182 00                     521 	.db #0x00	; 0
      000183 00                     522 	.db #0x00	; 0
      000184 00                     523 	.db #0x00	; 0
      000185 00                     524 	.db #0x00	; 0
      000186 00                     525 	.db #0x00	; 0
      000187 00                     526 	.db #0x00	; 0
      000188 00                     527 	.db #0x00	; 0
      000189 00                     528 	.db #0x00	; 0
      00018A 00                     529 	.db #0x00	; 0
      00018B 00                     530 	.db #0x00	; 0
      00018C 00                     531 	.db #0x00	; 0
      00018D 00                     532 	.db #0x00	; 0
      00018E 00                     533 	.db #0x00	; 0
      00018F 00                     534 	.db #0x00	; 0
      000190 00                     535 	.db #0x00	; 0
      000191 00                     536 	.db #0x00	; 0
      000192 00                     537 	.db #0x00	; 0
      000193 00                     538 	.db #0x00	; 0
      000194 00                     539 	.db #0x00	; 0
      000195 00                     540 	.db #0x00	; 0
      000196 00                     541 	.db #0x00	; 0
      000197 00                     542 	.db #0x00	; 0
      000198 00                     543 	.db #0x00	; 0
      000199 28                     544 	.db #0x28	; 40
      00019A 26                     545 	.db #0x26	; 38
      00019B 26                     546 	.db #0x26	; 38
      00019C 26                     547 	.db #0x26	; 38
      00019D 26                     548 	.db #0x26	; 38
      00019E 26                     549 	.db #0x26	; 38
      00019F 26                     550 	.db #0x26	; 38
      0001A0 26                     551 	.db #0x26	; 38
      0001A1 26                     552 	.db #0x26	; 38
      0001A2 26                     553 	.db #0x26	; 38
      0001A3 26                     554 	.db #0x26	; 38
      0001A4 26                     555 	.db #0x26	; 38
      0001A5 27                     556 	.db #0x27	; 39
      0001A6 00                     557 	.db #0x00	; 0
      0001A7 00                     558 	.db #0x00	; 0
      0001A8 00                     559 	.db #0x00	; 0
      0001A9 00                     560 	.db #0x00	; 0
      0001AA 00                     561 	.db #0x00	; 0
      0001AB 00                     562 	.db #0x00	; 0
      0001AC 00                     563 	.db #0x00	; 0
      0001AD 00                     564 	.db #0x00	; 0
      0001AE 00                     565 	.db #0x00	; 0
      0001AF 00                     566 	.db #0x00	; 0
      0001B0 00                     567 	.db #0x00	; 0
      0001B1 00                     568 	.db #0x00	; 0
      0001B2 00                     569 	.db #0x00	; 0
      0001B3 00                     570 	.db #0x00	; 0
      0001B4 00                     571 	.db #0x00	; 0
      0001B5 00                     572 	.db #0x00	; 0
      0001B6 00                     573 	.db #0x00	; 0
      0001B7 00                     574 	.db #0x00	; 0
      0001B8 2B                     575 	.db #0x2b	; 43
      0001B9 2B                     576 	.db #0x2b	; 43
      0001BA 2B                     577 	.db #0x2b	; 43
      0001BB 2B                     578 	.db #0x2b	; 43
      0001BC 2B                     579 	.db #0x2b	; 43
      0001BD 2B                     580 	.db #0x2b	; 43
      0001BE 2B                     581 	.db #0x2b	; 43
      0001BF 2B                     582 	.db #0x2b	; 43
      0001C0 2B                     583 	.db #0x2b	; 43
      0001C1 28                     584 	.db #0x28	; 40
      0001C2 26                     585 	.db #0x26	; 38
      0001C3 26                     586 	.db #0x26	; 38
      0001C4 26                     587 	.db #0x26	; 38
      0001C5 26                     588 	.db #0x26	; 38
      0001C6 26                     589 	.db #0x26	; 38
      0001C7 26                     590 	.db #0x26	; 38
      0001C8 26                     591 	.db #0x26	; 38
      0001C9 26                     592 	.db #0x26	; 38
      0001CA 26                     593 	.db #0x26	; 38
      0001CB 26                     594 	.db #0x26	; 38
      0001CC 26                     595 	.db #0x26	; 38
      0001CD 27                     596 	.db #0x27	; 39
      0001CE 2B                     597 	.db #0x2b	; 43
      0001CF 2B                     598 	.db #0x2b	; 43
      0001D0 2B                     599 	.db #0x2b	; 43
      0001D1 2B                     600 	.db #0x2b	; 43
      0001D2 2B                     601 	.db #0x2b	; 43
      0001D3 2B                     602 	.db #0x2b	; 43
      0001D4 2B                     603 	.db #0x2b	; 43
      0001D5 2B                     604 	.db #0x2b	; 43
      0001D6 2B                     605 	.db #0x2b	; 43
      0001D7 2B                     606 	.db #0x2b	; 43
      0001D8 2B                     607 	.db #0x2b	; 43
      0001D9 2B                     608 	.db #0x2b	; 43
      0001DA 2B                     609 	.db #0x2b	; 43
      0001DB 2B                     610 	.db #0x2b	; 43
      0001DC 2B                     611 	.db #0x2b	; 43
      0001DD 2B                     612 	.db #0x2b	; 43
      0001DE 2B                     613 	.db #0x2b	; 43
      0001DF 2B                     614 	.db #0x2b	; 43
      0001E0 29                     615 	.db #0x29	; 41
      0001E1 29                     616 	.db #0x29	; 41
      0001E2 29                     617 	.db #0x29	; 41
      0001E3 29                     618 	.db #0x29	; 41
      0001E4 29                     619 	.db #0x29	; 41
      0001E5 29                     620 	.db #0x29	; 41
      0001E6 29                     621 	.db #0x29	; 41
      0001E7 29                     622 	.db #0x29	; 41
      0001E8 29                     623 	.db #0x29	; 41
      0001E9 29                     624 	.db #0x29	; 41
      0001EA 29                     625 	.db #0x29	; 41
      0001EB 29                     626 	.db #0x29	; 41
      0001EC 29                     627 	.db #0x29	; 41
      0001ED 29                     628 	.db #0x29	; 41
      0001EE 29                     629 	.db #0x29	; 41
      0001EF 29                     630 	.db #0x29	; 41
      0001F0 29                     631 	.db #0x29	; 41
      0001F1 29                     632 	.db #0x29	; 41
      0001F2 29                     633 	.db #0x29	; 41
      0001F3 29                     634 	.db #0x29	; 41
      0001F4 29                     635 	.db #0x29	; 41
      0001F5 29                     636 	.db #0x29	; 41
      0001F6 29                     637 	.db #0x29	; 41
      0001F7 29                     638 	.db #0x29	; 41
      0001F8 29                     639 	.db #0x29	; 41
      0001F9 29                     640 	.db #0x29	; 41
      0001FA 29                     641 	.db #0x29	; 41
      0001FB 29                     642 	.db #0x29	; 41
      0001FC 29                     643 	.db #0x29	; 41
      0001FD 29                     644 	.db #0x29	; 41
      0001FE 29                     645 	.db #0x29	; 41
      0001FF 29                     646 	.db #0x29	; 41
      000200 29                     647 	.db #0x29	; 41
      000201 29                     648 	.db #0x29	; 41
      000202 29                     649 	.db #0x29	; 41
      000203 29                     650 	.db #0x29	; 41
      000204 29                     651 	.db #0x29	; 41
      000205 29                     652 	.db #0x29	; 41
      000206 29                     653 	.db #0x29	; 41
      000207 29                     654 	.db #0x29	; 41
      000208 29                     655 	.db #0x29	; 41
      000209 29                     656 	.db #0x29	; 41
      00020A 29                     657 	.db #0x29	; 41
      00020B 29                     658 	.db #0x29	; 41
      00020C 29                     659 	.db #0x29	; 41
      00020D 29                     660 	.db #0x29	; 41
      00020E 29                     661 	.db #0x29	; 41
      00020F 29                     662 	.db #0x29	; 41
      000210 29                     663 	.db #0x29	; 41
      000211 29                     664 	.db #0x29	; 41
      000212 29                     665 	.db #0x29	; 41
      000213 29                     666 	.db #0x29	; 41
      000214 29                     667 	.db #0x29	; 41
      000215 29                     668 	.db #0x29	; 41
      000216 29                     669 	.db #0x29	; 41
      000217 29                     670 	.db #0x29	; 41
      000218 29                     671 	.db #0x29	; 41
      000219 29                     672 	.db #0x29	; 41
      00021A 29                     673 	.db #0x29	; 41
      00021B 29                     674 	.db #0x29	; 41
      00021C 29                     675 	.db #0x29	; 41
      00021D 29                     676 	.db #0x29	; 41
      00021E 29                     677 	.db #0x29	; 41
      00021F 29                     678 	.db #0x29	; 41
      000220 29                     679 	.db #0x29	; 41
      000221 29                     680 	.db #0x29	; 41
      000222 29                     681 	.db #0x29	; 41
      000223 29                     682 	.db #0x29	; 41
      000224 29                     683 	.db #0x29	; 41
      000225 29                     684 	.db #0x29	; 41
      000226 29                     685 	.db #0x29	; 41
      000227 29                     686 	.db #0x29	; 41
      000228 29                     687 	.db #0x29	; 41
      000229 29                     688 	.db #0x29	; 41
      00022A 29                     689 	.db #0x29	; 41
      00022B 29                     690 	.db #0x29	; 41
      00022C 29                     691 	.db #0x29	; 41
      00022D 29                     692 	.db #0x29	; 41
      00022E 29                     693 	.db #0x29	; 41
      00022F 29                     694 	.db #0x29	; 41
      000230 29                     695 	.db #0x29	; 41
      000231 29                     696 	.db #0x29	; 41
      000232 29                     697 	.db #0x29	; 41
      000233 29                     698 	.db #0x29	; 41
      000234 29                     699 	.db #0x29	; 41
      000235 29                     700 	.db #0x29	; 41
      000236 29                     701 	.db #0x29	; 41
      000237 29                     702 	.db #0x29	; 41
      000238 29                     703 	.db #0x29	; 41
      000239 29                     704 	.db #0x29	; 41
      00023A 29                     705 	.db #0x29	; 41
      00023B 29                     706 	.db #0x29	; 41
      00023C 29                     707 	.db #0x29	; 41
      00023D 29                     708 	.db #0x29	; 41
      00023E 29                     709 	.db #0x29	; 41
      00023F 29                     710 	.db #0x29	; 41
      000240 29                     711 	.db #0x29	; 41
      000241 29                     712 	.db #0x29	; 41
      000242 29                     713 	.db #0x29	; 41
      000243 29                     714 	.db #0x29	; 41
      000244 29                     715 	.db #0x29	; 41
      000245 29                     716 	.db #0x29	; 41
      000246 29                     717 	.db #0x29	; 41
      000247 29                     718 	.db #0x29	; 41
      000248 29                     719 	.db #0x29	; 41
      000249 29                     720 	.db #0x29	; 41
      00024A 29                     721 	.db #0x29	; 41
      00024B 29                     722 	.db #0x29	; 41
      00024C 29                     723 	.db #0x29	; 41
      00024D 29                     724 	.db #0x29	; 41
      00024E 29                     725 	.db #0x29	; 41
      00024F 29                     726 	.db #0x29	; 41
      000250 29                     727 	.db #0x29	; 41
      000251 29                     728 	.db #0x29	; 41
      000252 29                     729 	.db #0x29	; 41
      000253 29                     730 	.db #0x29	; 41
      000254 29                     731 	.db #0x29	; 41
      000255 29                     732 	.db #0x29	; 41
      000256 29                     733 	.db #0x29	; 41
      000257 29                     734 	.db #0x29	; 41
      000258 29                     735 	.db #0x29	; 41
      000259 29                     736 	.db #0x29	; 41
      00025A 29                     737 	.db #0x29	; 41
      00025B 29                     738 	.db #0x29	; 41
      00025C 29                     739 	.db #0x29	; 41
      00025D 29                     740 	.db #0x29	; 41
      00025E 29                     741 	.db #0x29	; 41
      00025F 29                     742 	.db #0x29	; 41
      000260 29                     743 	.db #0x29	; 41
      000261 29                     744 	.db #0x29	; 41
      000262 29                     745 	.db #0x29	; 41
      000263 29                     746 	.db #0x29	; 41
      000264 29                     747 	.db #0x29	; 41
      000265 29                     748 	.db #0x29	; 41
      000266 29                     749 	.db #0x29	; 41
      000267 29                     750 	.db #0x29	; 41
      000268 29                     751 	.db #0x29	; 41
      000269 29                     752 	.db #0x29	; 41
      00026A 29                     753 	.db #0x29	; 41
      00026B 29                     754 	.db #0x29	; 41
      00026C 29                     755 	.db #0x29	; 41
      00026D 29                     756 	.db #0x29	; 41
      00026E 29                     757 	.db #0x29	; 41
      00026F 29                     758 	.db #0x29	; 41
      000270 29                     759 	.db #0x29	; 41
      000271 29                     760 	.db #0x29	; 41
      000272 29                     761 	.db #0x29	; 41
      000273 29                     762 	.db #0x29	; 41
      000274 29                     763 	.db #0x29	; 41
      000275 29                     764 	.db #0x29	; 41
      000276 29                     765 	.db #0x29	; 41
      000277 29                     766 	.db #0x29	; 41
      000278 29                     767 	.db #0x29	; 41
      000279 29                     768 	.db #0x29	; 41
      00027A 29                     769 	.db #0x29	; 41
      00027B 29                     770 	.db #0x29	; 41
      00027C 29                     771 	.db #0x29	; 41
      00027D 29                     772 	.db #0x29	; 41
      00027E 29                     773 	.db #0x29	; 41
      00027F 29                     774 	.db #0x29	; 41
      000280 29                     775 	.db #0x29	; 41
      000281 29                     776 	.db #0x29	; 41
      000282 29                     777 	.db #0x29	; 41
      000283 29                     778 	.db #0x29	; 41
      000284 29                     779 	.db #0x29	; 41
      000285 29                     780 	.db #0x29	; 41
      000286 29                     781 	.db #0x29	; 41
      000287 29                     782 	.db #0x29	; 41
      000288 29                     783 	.db #0x29	; 41
      000289 29                     784 	.db #0x29	; 41
      00028A 29                     785 	.db #0x29	; 41
      00028B 29                     786 	.db #0x29	; 41
      00028C 29                     787 	.db #0x29	; 41
      00028D 29                     788 	.db #0x29	; 41
      00028E 29                     789 	.db #0x29	; 41
      00028F 29                     790 	.db #0x29	; 41
      000290 29                     791 	.db #0x29	; 41
      000291 29                     792 	.db #0x29	; 41
      000292 29                     793 	.db #0x29	; 41
      000293 29                     794 	.db #0x29	; 41
      000294 29                     795 	.db #0x29	; 41
      000295 29                     796 	.db #0x29	; 41
      000296 29                     797 	.db #0x29	; 41
      000297 29                     798 	.db #0x29	; 41
      000298 29                     799 	.db #0x29	; 41
      000299 29                     800 	.db #0x29	; 41
      00029A 29                     801 	.db #0x29	; 41
      00029B 29                     802 	.db #0x29	; 41
      00029C 29                     803 	.db #0x29	; 41
      00029D 29                     804 	.db #0x29	; 41
      00029E 29                     805 	.db #0x29	; 41
      00029F 29                     806 	.db #0x29	; 41
      0002A0 29                     807 	.db #0x29	; 41
      0002A1 29                     808 	.db #0x29	; 41
      0002A2 29                     809 	.db #0x29	; 41
      0002A3 29                     810 	.db #0x29	; 41
      0002A4 29                     811 	.db #0x29	; 41
      0002A5 29                     812 	.db #0x29	; 41
      0002A6 29                     813 	.db #0x29	; 41
      0002A7 29                     814 	.db #0x29	; 41
      0002A8 29                     815 	.db #0x29	; 41
      0002A9 29                     816 	.db #0x29	; 41
      0002AA 29                     817 	.db #0x29	; 41
      0002AB 29                     818 	.db #0x29	; 41
      0002AC 29                     819 	.db #0x29	; 41
      0002AD 29                     820 	.db #0x29	; 41
      0002AE 29                     821 	.db #0x29	; 41
      0002AF 29                     822 	.db #0x29	; 41
      0002B0 29                     823 	.db #0x29	; 41
      0002B1 29                     824 	.db #0x29	; 41
      0002B2 29                     825 	.db #0x29	; 41
      0002B3 29                     826 	.db #0x29	; 41
      0002B4 29                     827 	.db #0x29	; 41
      0002B5 29                     828 	.db #0x29	; 41
      0002B6 29                     829 	.db #0x29	; 41
      0002B7 29                     830 	.db #0x29	; 41
      0002B8 29                     831 	.db #0x29	; 41
      0002B9 29                     832 	.db #0x29	; 41
      0002BA 29                     833 	.db #0x29	; 41
      0002BB 29                     834 	.db #0x29	; 41
      0002BC 29                     835 	.db #0x29	; 41
      0002BD 29                     836 	.db #0x29	; 41
      0002BE 29                     837 	.db #0x29	; 41
      0002BF 29                     838 	.db #0x29	; 41
      0002C0 29                     839 	.db #0x29	; 41
      0002C1 29                     840 	.db #0x29	; 41
      0002C2 29                     841 	.db #0x29	; 41
      0002C3 29                     842 	.db #0x29	; 41
      0002C4 29                     843 	.db #0x29	; 41
      0002C5 29                     844 	.db #0x29	; 41
      0002C6 29                     845 	.db #0x29	; 41
      0002C7 29                     846 	.db #0x29	; 41
      0002C8 29                     847 	.db #0x29	; 41
      0002C9 29                     848 	.db #0x29	; 41
      0002CA 29                     849 	.db #0x29	; 41
      0002CB 29                     850 	.db #0x29	; 41
      0002CC 29                     851 	.db #0x29	; 41
      0002CD 29                     852 	.db #0x29	; 41
      0002CE 29                     853 	.db #0x29	; 41
      0002CF 29                     854 	.db #0x29	; 41
      0002D0                        855 __xinit__backgroundTiles:
      0002D0 00                     856 	.db #0x00	; 0
      0002D1 00                     857 	.db #0x00	; 0
      0002D2 00                     858 	.db #0x00	; 0
      0002D3 00                     859 	.db #0x00	; 0
      0002D4 00                     860 	.db #0x00	; 0
      0002D5 00                     861 	.db #0x00	; 0
      0002D6 00                     862 	.db #0x00	; 0
      0002D7 00                     863 	.db #0x00	; 0
      0002D8 00                     864 	.db #0x00	; 0
      0002D9 00                     865 	.db #0x00	; 0
      0002DA 00                     866 	.db #0x00	; 0
      0002DB 00                     867 	.db #0x00	; 0
      0002DC 00                     868 	.db #0x00	; 0
      0002DD 00                     869 	.db #0x00	; 0
      0002DE 00                     870 	.db #0x00	; 0
      0002DF 00                     871 	.db #0x00	; 0
      0002E0 FF                     872 	.db #0xff	; 255
      0002E1 FF                     873 	.db #0xff	; 255
      0002E2 01                     874 	.db #0x01	; 1
      0002E3 01                     875 	.db #0x01	; 1
      0002E4 01                     876 	.db #0x01	; 1
      0002E5 01                     877 	.db #0x01	; 1
      0002E6 01                     878 	.db #0x01	; 1
      0002E7 01                     879 	.db #0x01	; 1
      0002E8 FF                     880 	.db #0xff	; 255
      0002E9 FF                     881 	.db #0xff	; 255
      0002EA 10                     882 	.db #0x10	; 16
      0002EB 10                     883 	.db #0x10	; 16
      0002EC 10                     884 	.db #0x10	; 16
      0002ED 10                     885 	.db #0x10	; 16
      0002EE 10                     886 	.db #0x10	; 16
      0002EF 10                     887 	.db #0x10	; 16
      0002F0 FF                     888 	.db #0xff	; 255
      0002F1 FF                     889 	.db #0xff	; 255
      0002F2 01                     890 	.db #0x01	; 1
      0002F3 01                     891 	.db #0x01	; 1
      0002F4 01                     892 	.db #0x01	; 1
      0002F5 01                     893 	.db #0x01	; 1
      0002F6 01                     894 	.db #0x01	; 1
      0002F7 01                     895 	.db #0x01	; 1
      0002F8 FF                     896 	.db #0xff	; 255
      0002F9 FF                     897 	.db #0xff	; 255
      0002FA 11                     898 	.db #0x11	; 17
      0002FB 11                     899 	.db #0x11	; 17
      0002FC 11                     900 	.db #0x11	; 17
      0002FD 11                     901 	.db #0x11	; 17
      0002FE 11                     902 	.db #0x11	; 17
      0002FF 11                     903 	.db #0x11	; 17
      000300 FF                     904 	.db #0xff	; 255
      000301 FF                     905 	.db #0xff	; 255
      000302 80                     906 	.db #0x80	; 128
      000303 80                     907 	.db #0x80	; 128
      000304 80                     908 	.db #0x80	; 128
      000305 80                     909 	.db #0x80	; 128
      000306 80                     910 	.db #0x80	; 128
      000307 80                     911 	.db #0x80	; 128
      000308 FF                     912 	.db #0xff	; 255
      000309 FF                     913 	.db #0xff	; 255
      00030A 88                     914 	.db #0x88	; 136
      00030B 88                     915 	.db #0x88	; 136
      00030C 88                     916 	.db #0x88	; 136
      00030D 88                     917 	.db #0x88	; 136
      00030E 88                     918 	.db #0x88	; 136
      00030F 88                     919 	.db #0x88	; 136
      000310 55                     920 	.db #0x55	; 85	'U'
      000311 00                     921 	.db #0x00	; 0
      000312 AA                     922 	.db #0xaa	; 170
      000313 00                     923 	.db #0x00	; 0
      000314 55                     924 	.db #0x55	; 85	'U'
      000315 00                     925 	.db #0x00	; 0
      000316 AA                     926 	.db #0xaa	; 170
      000317 00                     927 	.db #0x00	; 0
      000318 55                     928 	.db #0x55	; 85	'U'
      000319 00                     929 	.db #0x00	; 0
      00031A AA                     930 	.db #0xaa	; 170
      00031B 00                     931 	.db #0x00	; 0
      00031C 55                     932 	.db #0x55	; 85	'U'
      00031D 00                     933 	.db #0x00	; 0
      00031E AA                     934 	.db #0xaa	; 170
      00031F 00                     935 	.db #0x00	; 0
      000320 00                     936 	.db #0x00	; 0
      000321 00                     937 	.db #0x00	; 0
      000322 00                     938 	.db #0x00	; 0
      000323 00                     939 	.db #0x00	; 0
      000324 00                     940 	.db #0x00	; 0
      000325 00                     941 	.db #0x00	; 0
      000326 00                     942 	.db #0x00	; 0
      000327 00                     943 	.db #0x00	; 0
      000328 FF                     944 	.db #0xff	; 255
      000329 FF                     945 	.db #0xff	; 255
      00032A FF                     946 	.db #0xff	; 255
      00032B AA                     947 	.db #0xaa	; 170
      00032C FF                     948 	.db #0xff	; 255
      00032D 00                     949 	.db #0x00	; 0
      00032E 55                     950 	.db #0x55	; 85	'U'
      00032F 00                     951 	.db #0x00	; 0
      000330 00                     952 	.db #0x00	; 0
      000331 00                     953 	.db #0x00	; 0
      000332 00                     954 	.db #0x00	; 0
      000333 00                     955 	.db #0x00	; 0
      000334 00                     956 	.db #0x00	; 0
      000335 00                     957 	.db #0x00	; 0
      000336 00                     958 	.db #0x00	; 0
      000337 00                     959 	.db #0x00	; 0
      000338 00                     960 	.db #0x00	; 0
      000339 00                     961 	.db #0x00	; 0
      00033A FF                     962 	.db #0xff	; 255
      00033B FF                     963 	.db #0xff	; 255
      00033C 00                     964 	.db #0x00	; 0
      00033D FF                     965 	.db #0xff	; 255
      00033E FF                     966 	.db #0xff	; 255
      00033F 00                     967 	.db #0x00	; 0
      000340 00                     968 	.db #0x00	; 0
      000341 00                     969 	.db #0x00	; 0
      000342 00                     970 	.db #0x00	; 0
      000343 00                     971 	.db #0x00	; 0
      000344 00                     972 	.db #0x00	; 0
      000345 00                     973 	.db #0x00	; 0
      000346 00                     974 	.db #0x00	; 0
      000347 00                     975 	.db #0x00	; 0
      000348 00                     976 	.db #0x00	; 0
      000349 00                     977 	.db #0x00	; 0
      00034A FF                     978 	.db #0xff	; 255
      00034B 00                     979 	.db #0x00	; 0
      00034C FF                     980 	.db #0xff	; 255
      00034D 00                     981 	.db #0x00	; 0
      00034E FF                     982 	.db #0xff	; 255
      00034F 00                     983 	.db #0x00	; 0
      000350                        984 __xinit__windowmap:
      000350 12                     985 	.db #0x12	; 18
      000351 0F                     986 	.db #0x0f	; 15
      000352 16                     987 	.db #0x16	; 22
      000353 16                     988 	.db #0x16	; 22
      000354 19                     989 	.db #0x19	; 25
                                    990 	.area _CABS (ABS)
